2025-05-11 10:33:04,500 - __main__ - INFO - Starting interactive coffee market data collection
2025-05-11 10:33:04,506 - __main__ - INFO - Starting interactive coffee market data collection for sites: daraz, alfatah, naheed, metro, alibaba
2025-05-11 10:33:04,509 - __main__ - INFO - Using sample data mode
2025-05-11 10:33:04,515 - src.data_collection.coffee_market - WARNING - Generating sample product dataset
2025-05-11 10:33:04,516 - src.data_collection.coffee_market - INFO - Added 15 sample products to the dataset
2025-05-11 10:33:04,531 - __main__ - ERROR - Error during coffee market data collection: Object of type set is not JSON serializable
Traceback (most recent call last):
  File "C:\Users\MADIHA\Desktop\python automation\collect_coffee_market_interactive.py", line 175, in main
    result = collect_data_interactive(args, logger)
  File "C:\Users\MADIHA\Desktop\python automation\collect_coffee_market_interactive.py", line 118, in collect_data_interactive
    saved_paths = collector.save_data(timestamp)
  File "C:\Users\MADIHA\Desktop\python automation\src\data_collection\coffee_market.py", line 1201, in save_data
    json.dump(self.processed_data, f, indent=2)
    ~~~~~~~~~^^^^^^^^^^^^^^^^^^^^^^^^^^^^^^^^^^
  File "C:\Users\MADIHA\AppData\Local\Programs\Python\Python313\Lib\json\__init__.py", line 179, in dump
    for chunk in iterable:
                 ^^^^^^^^
  File "C:\Users\MADIHA\AppData\Local\Programs\Python\Python313\Lib\json\encoder.py", line 432, in _iterencode
    yield from _iterencode_dict(o, _current_indent_level)
  File "C:\Users\MADIHA\AppData\Local\Programs\Python\Python313\Lib\json\encoder.py", line 406, in _iterencode_dict
    yield from chunks
  File "C:\Users\MADIHA\AppData\Local\Programs\Python\Python313\Lib\json\encoder.py", line 406, in _iterencode_dict
    yield from chunks
  File "C:\Users\MADIHA\AppData\Local\Programs\Python\Python313\Lib\json\encoder.py", line 406, in _iterencode_dict
    yield from chunks
  File "C:\Users\MADIHA\AppData\Local\Programs\Python\Python313\Lib\json\encoder.py", line 439, in _iterencode
    o = _default(o)
  File "C:\Users\MADIHA\AppData\Local\Programs\Python\Python313\Lib\json\encoder.py", line 180, in default
    raise TypeError(f'Object of type {o.__class__.__name__} '
                    f'is not JSON serializable')
TypeError: Object of type set is not JSON serializable
2025-05-11 10:36:11,785 - __main__ - INFO - Starting interactive coffee market data collection
2025-05-11 10:36:11,786 - __main__ - INFO - Starting interactive coffee market data collection for sites: daraz, alfatah, naheed, metro, alibaba
2025-05-11 10:36:11,788 - __main__ - INFO - Using sample data mode
2025-05-11 10:36:11,789 - src.data_collection.coffee_market - WARNING - Generating sample product dataset
2025-05-11 10:36:11,789 - src.data_collection.coffee_market - INFO - Added 15 sample products to the dataset
2025-05-11 10:36:11,843 - src.data_collection.coffee_market - INFO - Saved coffee market data to 4 CSV files
2025-05-11 10:38:14,306 - __main__ - INFO - Starting interactive coffee market data collection
2025-05-11 10:38:14,308 - __main__ - INFO - Starting interactive coffee market data collection for sites: daraz
2025-05-11 10:38:14,311 - src.data_collection.coffee_market - INFO - Starting coffee market data collection
2025-05-11 10:38:14,311 - src.data_collection.coffee_market - INFO - Processing site: daraz
2025-05-11 10:38:14,312 - src.data_collection.coffee_market - INFO - Extracting coffee data from Daraz
2025-05-11 10:38:14,313 - src.data_collection.coffee_market - INFO - Fetching content from {'search_url': 'https://www.daraz.pk/catalog/?q=coffee', 'product_selector': 'div.gridItem--Yd0sa', 'name_selector': '.title--wFj93', 'price_selector': '.price--NVB62', 'rating_selector': '.rating--b2Qtx', 'reviews_selector': '.rating__review--ygkUy', 'requires_selenium': True, 'alternative_selectors': {'product_selector': ['div.box--ujueT', 'div.box--pRqdP', 'div.product-card'], 'name_selector': ['.pdp-mod-product-badge-title', 'h2', '.item-title']}} (using Selenium)
2025-05-11 10:38:17,391 - src.data_collection.coffee_market - ERROR - Selenium error on attempt 1/3: Message: invalid argument: 'url' must be a string
  (Session info: chrome=136.0.7103.93)
Stacktrace:
	GetHandleVerifier [0x00007FF7C960CF25+75717]
	GetHandleVerifier [0x00007FF7C960CF80+75808]
	(No symbol) [0x00007FF7C93D8F9A]
	(No symbol) [0x00007FF7C9480204]
	(No symbol) [0x00007FF7C945737A]
	(No symbol) [0x00007FF7C947F39C]
	(No symbol) [0x00007FF7C9457153]
	(No symbol) [0x00007FF7C9420421]
	(No symbol) [0x00007FF7C94211B3]
	GetHandleVerifier [0x00007FF7C990D6FD+3223453]
	GetHandleVerifier [0x00007FF7C9907CA2+3200322]
	GetHandleVerifier [0x00007FF7C9925AD3+3322739]
	GetHandleVerifier [0x00007FF7C96269FA+180890]
	GetHandleVerifier [0x00007FF7C962E0FF+211359]
	GetHandleVerifier [0x00007FF7C9615274+109332]
	GetHandleVerifier [0x00007FF7C9615422+109762]
	GetHandleVerifier [0x00007FF7C95FBA39+4825]
	BaseThreadInitThunk [0x00007FFF3C80E8D7+23]
	RtlUserThreadStart [0x00007FFF3D0FC34C+44]

2025-05-11 10:38:22,400 - src.data_collection.coffee_market - ERROR - Selenium error on attempt 2/3: Message: invalid argument: 'url' must be a string
  (Session info: chrome=136.0.7103.93)
Stacktrace:
	GetHandleVerifier [0x00007FF7C960CF25+75717]
	GetHandleVerifier [0x00007FF7C960CF80+75808]
	(No symbol) [0x00007FF7C93D8F9A]
	(No symbol) [0x00007FF7C9480204]
	(No symbol) [0x00007FF7C945737A]
	(No symbol) [0x00007FF7C947F39C]
	(No symbol) [0x00007FF7C9457153]
	(No symbol) [0x00007FF7C9420421]
	(No symbol) [0x00007FF7C94211B3]
	GetHandleVerifier [0x00007FF7C990D6FD+3223453]
	GetHandleVerifier [0x00007FF7C9907CA2+3200322]
	GetHandleVerifier [0x00007FF7C9925AD3+3322739]
	GetHandleVerifier [0x00007FF7C96269FA+180890]
	GetHandleVerifier [0x00007FF7C962E0FF+211359]
	GetHandleVerifier [0x00007FF7C9615274+109332]
	GetHandleVerifier [0x00007FF7C9615422+109762]
	GetHandleVerifier [0x00007FF7C95FBA39+4825]
	BaseThreadInitThunk [0x00007FFF3C80E8D7+23]
	RtlUserThreadStart [0x00007FFF3D0FC34C+44]

2025-05-11 10:38:27,394 - src.data_collection.coffee_market - ERROR - Selenium error on attempt 3/3: Message: invalid argument: 'url' must be a string
  (Session info: chrome=136.0.7103.93)
Stacktrace:
	GetHandleVerifier [0x00007FF7C960CF25+75717]
	GetHandleVerifier [0x00007FF7C960CF80+75808]
	(No symbol) [0x00007FF7C93D8F9A]
	(No symbol) [0x00007FF7C9480204]
	(No symbol) [0x00007FF7C945737A]
	(No symbol) [0x00007FF7C947F39C]
	(No symbol) [0x00007FF7C9457153]
	(No symbol) [0x00007FF7C9420421]
	(No symbol) [0x00007FF7C94211B3]
	GetHandleVerifier [0x00007FF7C990D6FD+3223453]
	GetHandleVerifier [0x00007FF7C9907CA2+3200322]
	GetHandleVerifier [0x00007FF7C9925AD3+3322739]
	GetHandleVerifier [0x00007FF7C96269FA+180890]
	GetHandleVerifier [0x00007FF7C962E0FF+211359]
	GetHandleVerifier [0x00007FF7C9615274+109332]
	GetHandleVerifier [0x00007FF7C9615422+109762]
	GetHandleVerifier [0x00007FF7C95FBA39+4825]
	BaseThreadInitThunk [0x00007FFF3C80E8D7+23]
	RtlUserThreadStart [0x00007FFF3D0FC34C+44]

2025-05-11 10:38:27,395 - src.data_collection.coffee_market - WARNING - Generating sample data for {'search_url': 'https://www.daraz.pk/catalog/?q=coffee', 'product_selector': 'div.gridItem--Yd0sa', 'name_selector': '.title--wFj93', 'price_selector': '.price--NVB62', 'rating_selector': '.rating--b2Qtx', 'reviews_selector': '.rating__review--ygkUy', 'requires_selenium': True, 'alternative_selectors': {'product_selector': ['div.box--ujueT', 'div.box--pRqdP', 'div.product-card'], 'name_selector': ['.pdp-mod-product-badge-title', 'h2', '.item-title']}}
2025-05-11 10:38:27,401 - src.data_collection.coffee_market - INFO - Generated 10 sample products for unknown
2025-05-11 10:38:29,780 - src.data_collection.coffee_market - INFO - Extracted 0 products from Daraz
2025-05-11 10:38:29,782 - src.data_collection.coffee_market - INFO - Extracted 0 products from daraz in 15.47 seconds
2025-05-11 10:38:29,783 - src.data_collection.coffee_market - WARNING - No products extracted from daraz
2025-05-11 10:38:29,784 - src.data_collection.coffee_market - INFO - Processing site: alfatah
2025-05-11 10:38:29,786 - src.data_collection.coffee_market - INFO - Extracting coffee data from Alfatah
2025-05-11 10:38:29,787 - src.data_collection.coffee_market - INFO - Fetching content from {'search_url': 'https://www.alfatah.com.pk/collections/coffee', 'product_selector': '.product-item', 'name_selector': '.product-item-title', 'price_selector': '.price', 'requires_selenium': False} (using Requests)
2025-05-11 10:38:29,799 - src.data_collection.coffee_market - ERROR - Request error on attempt 1/3: No connection adapters were found for "{'search_url': 'https://www.alfatah.com.pk/collections/coffee', 'product_selector': '.product-item', 'name_selector': '.product-item-title', 'price_selector': '.price', 'requires_selenium': False}"
2025-05-11 10:38:29,802 - src.data_collection.coffee_market - INFO - Retry 2/3 after 2.8s
2025-05-11 10:38:32,645 - src.data_collection.coffee_market - ERROR - Request error on attempt 2/3: No connection adapters were found for "{'search_url': 'https://www.alfatah.com.pk/collections/coffee', 'product_selector': '.product-item', 'name_selector': '.product-item-title', 'price_selector': '.price', 'requires_selenium': False}"
2025-05-11 10:38:32,647 - src.data_collection.coffee_market - INFO - Retry 3/3 after 3.4s
2025-05-11 10:38:36,053 - src.data_collection.coffee_market - ERROR - Request error on attempt 3/3: No connection adapters were found for "{'search_url': 'https://www.alfatah.com.pk/collections/coffee', 'product_selector': '.product-item', 'name_selector': '.product-item-title', 'price_selector': '.price', 'requires_selenium': False}"
2025-05-11 10:38:36,054 - src.data_collection.coffee_market - WARNING - Generating sample data for {'search_url': 'https://www.alfatah.com.pk/collections/coffee', 'product_selector': '.product-item', 'name_selector': '.product-item-title', 'price_selector': '.price', 'requires_selenium': False}
2025-05-11 10:38:36,069 - src.data_collection.coffee_market - INFO - Generated 10 sample products for unknown
2025-05-11 10:38:36,100 - src.data_collection.coffee_market - INFO - Extracted 10 products from Alfatah
2025-05-11 10:38:36,103 - src.data_collection.coffee_market - INFO - Extracted 10 products from alfatah in 6.32 seconds
2025-05-11 10:38:36,104 - src.data_collection.coffee_market - INFO - Processing site: naheed
2025-05-11 10:38:36,105 - src.data_collection.coffee_market - INFO - Extracting coffee data from Naheed
2025-05-11 10:38:36,106 - src.data_collection.coffee_market - INFO - Fetching content from {'search_url': 'https://www.naheed.pk/catalogsearch/result/?q=coffee', 'product_selector': '.product-item', 'name_selector': '.product-item-title', 'price_selector': '.price', 'requires_selenium': True} (using Selenium)
2025-05-11 10:38:38,633 - src.data_collection.coffee_market - ERROR - Selenium error on attempt 1/3: Message: invalid argument: 'url' must be a string
  (Session info: chrome=136.0.7103.93)
Stacktrace:
	GetHandleVerifier [0x00007FF7C960CF25+75717]
	GetHandleVerifier [0x00007FF7C960CF80+75808]
	(No symbol) [0x00007FF7C93D8F9A]
	(No symbol) [0x00007FF7C9480204]
	(No symbol) [0x00007FF7C945737A]
	(No symbol) [0x00007FF7C947F39C]
	(No symbol) [0x00007FF7C9457153]
	(No symbol) [0x00007FF7C9420421]
	(No symbol) [0x00007FF7C94211B3]
	GetHandleVerifier [0x00007FF7C990D6FD+3223453]
	GetHandleVerifier [0x00007FF7C9907CA2+3200322]
	GetHandleVerifier [0x00007FF7C9925AD3+3322739]
	GetHandleVerifier [0x00007FF7C96269FA+180890]
	GetHandleVerifier [0x00007FF7C962E0FF+211359]
	GetHandleVerifier [0x00007FF7C9615274+109332]
	GetHandleVerifier [0x00007FF7C9615422+109762]
	GetHandleVerifier [0x00007FF7C95FBA39+4825]
	BaseThreadInitThunk [0x00007FFF3C80E8D7+23]
	RtlUserThreadStart [0x00007FFF3D0FC34C+44]

2025-05-11 10:38:43,641 - src.data_collection.coffee_market - ERROR - Selenium error on attempt 2/3: Message: invalid argument: 'url' must be a string
  (Session info: chrome=136.0.7103.93)
Stacktrace:
	GetHandleVerifier [0x00007FF7C960CF25+75717]
	GetHandleVerifier [0x00007FF7C960CF80+75808]
	(No symbol) [0x00007FF7C93D8F9A]
	(No symbol) [0x00007FF7C9480204]
	(No symbol) [0x00007FF7C945737A]
	(No symbol) [0x00007FF7C947F39C]
	(No symbol) [0x00007FF7C9457153]
	(No symbol) [0x00007FF7C9420421]
	(No symbol) [0x00007FF7C94211B3]
	GetHandleVerifier [0x00007FF7C990D6FD+3223453]
	GetHandleVerifier [0x00007FF7C9907CA2+3200322]
	GetHandleVerifier [0x00007FF7C9925AD3+3322739]
	GetHandleVerifier [0x00007FF7C96269FA+180890]
	GetHandleVerifier [0x00007FF7C962E0FF+211359]
	GetHandleVerifier [0x00007FF7C9615274+109332]
	GetHandleVerifier [0x00007FF7C9615422+109762]
	GetHandleVerifier [0x00007FF7C95FBA39+4825]
	BaseThreadInitThunk [0x00007FFF3C80E8D7+23]
	RtlUserThreadStart [0x00007FFF3D0FC34C+44]

2025-05-11 10:38:48,922 - src.data_collection.coffee_market - ERROR - Selenium error on attempt 3/3: Message: invalid argument: 'url' must be a string
  (Session info: chrome=136.0.7103.93)
Stacktrace:
	GetHandleVerifier [0x00007FF7C960CF25+75717]
	GetHandleVerifier [0x00007FF7C960CF80+75808]
	(No symbol) [0x00007FF7C93D8F9A]
	(No symbol) [0x00007FF7C9480204]
	(No symbol) [0x00007FF7C945737A]
	(No symbol) [0x00007FF7C947F39C]
	(No symbol) [0x00007FF7C9457153]
	(No symbol) [0x00007FF7C9420421]
	(No symbol) [0x00007FF7C94211B3]
	GetHandleVerifier [0x00007FF7C990D6FD+3223453]
	GetHandleVerifier [0x00007FF7C9907CA2+3200322]
	GetHandleVerifier [0x00007FF7C9925AD3+3322739]
	GetHandleVerifier [0x00007FF7C96269FA+180890]
	GetHandleVerifier [0x00007FF7C962E0FF+211359]
	GetHandleVerifier [0x00007FF7C9615274+109332]
	GetHandleVerifier [0x00007FF7C9615422+109762]
	GetHandleVerifier [0x00007FF7C95FBA39+4825]
	BaseThreadInitThunk [0x00007FFF3C80E8D7+23]
	RtlUserThreadStart [0x00007FFF3D0FC34C+44]

2025-05-11 10:38:48,924 - src.data_collection.coffee_market - WARNING - Generating sample data for {'search_url': 'https://www.naheed.pk/catalogsearch/result/?q=coffee', 'product_selector': '.product-item', 'name_selector': '.product-item-title', 'price_selector': '.price', 'requires_selenium': True}
2025-05-11 10:38:48,929 - src.data_collection.coffee_market - INFO - Generated 10 sample products for unknown
2025-05-11 10:38:51,292 - src.data_collection.coffee_market - INFO - Extracted 10 products from Naheed
2025-05-11 10:38:51,298 - src.data_collection.coffee_market - INFO - Extracted 10 products from naheed in 15.19 seconds
2025-05-11 10:38:51,300 - src.data_collection.coffee_market - INFO - Processing site: metro
2025-05-11 10:38:51,302 - src.data_collection.coffee_market - INFO - Extracting coffee data from Metro Online
2025-05-11 10:38:51,304 - src.data_collection.coffee_market - INFO - Fetching content from https://metro-online.pk/product-category/beverages/coffee-tea/ (using Requests)
2025-05-11 10:38:52,220 - src.data_collection.coffee_market - ERROR - Request error on attempt 1/3: 404 Client Error: Not Found for url: https://www.metro-online.pk/product-category/beverages/coffee-tea
2025-05-11 10:38:52,221 - src.data_collection.coffee_market - INFO - Retry 2/3 after 4.6s
2025-05-11 10:38:57,330 - src.data_collection.coffee_market - ERROR - Request error on attempt 2/3: 404 Client Error: Not Found for url: https://www.metro-online.pk/product-category/beverages/coffee-tea
2025-05-11 10:38:57,332 - src.data_collection.coffee_market - INFO - Retry 3/3 after 2.8s
2025-05-11 10:39:00,607 - src.data_collection.coffee_market - ERROR - Request error on attempt 3/3: 404 Client Error: Not Found for url: https://www.metro-online.pk/product-category/beverages/coffee-tea
2025-05-11 10:39:00,608 - src.data_collection.coffee_market - WARNING - Generating sample data for https://metro-online.pk/product-category/beverages/coffee-tea/
2025-05-11 10:39:00,619 - src.data_collection.coffee_market - INFO - Generated 10 sample products for metro
2025-05-11 10:39:00,622 - src.data_collection.coffee_market - WARNING - No product cards found on Metro using selector: li.product
2025-05-11 10:39:00,624 - src.data_collection.coffee_market - WARNING - Failed with alternative selector too
2025-05-11 10:39:00,626 - src.data_collection.coffee_market - INFO - Extracted 0 products from metro in 9.32 seconds
2025-05-11 10:39:00,630 - src.data_collection.coffee_market - WARNING - No products extracted from metro
2025-05-11 10:39:00,632 - src.data_collection.coffee_market - INFO - Processing site: alibaba
2025-05-11 10:39:00,634 - src.data_collection.coffee_market - INFO - Extracting coffee data from Alibaba Pakistan
2025-05-11 10:39:00,636 - src.data_collection.coffee_market - INFO - Fetching content from https://www.alibaba.pk/search/coffee (using Selenium)
2025-05-11 10:39:03,892 - src.data_collection.coffee_market - ERROR - Selenium error on attempt 1/3: Message: unknown error: net::ERR_NAME_NOT_RESOLVED
  (Session info: chrome=136.0.7103.93)
Stacktrace:
	GetHandleVerifier [0x00007FF7C960CF25+75717]
	GetHandleVerifier [0x00007FF7C960CF80+75808]
	(No symbol) [0x00007FF7C93D8F9A]
	(No symbol) [0x00007FF7C93D59F4]
	(No symbol) [0x00007FF7C93C6789]
	(No symbol) [0x00007FF7C93C84F8]
	(No symbol) [0x00007FF7C93C6A96]
	(No symbol) [0x00007FF7C93C6516]
	(No symbol) [0x00007FF7C93C61DA]
	(No symbol) [0x00007FF7C93C3E8A]
	(No symbol) [0x00007FF7C93C465C]
	(No symbol) [0x00007FF7C93DCF3A]
	(No symbol) [0x00007FF7C948013E]
	(No symbol) [0x00007FF7C945737A]
	(No symbol) [0x00007FF7C947F39C]
	(No symbol) [0x00007FF7C9457153]
	(No symbol) [0x00007FF7C9420421]
	(No symbol) [0x00007FF7C94211B3]
	GetHandleVerifier [0x00007FF7C990D6FD+3223453]
	GetHandleVerifier [0x00007FF7C9907CA2+3200322]
	GetHandleVerifier [0x00007FF7C9925AD3+3322739]
	GetHandleVerifier [0x00007FF7C96269FA+180890]
	GetHandleVerifier [0x00007FF7C962E0FF+211359]
	GetHandleVerifier [0x00007FF7C9615274+109332]
	GetHandleVerifier [0x00007FF7C9615422+109762]
	GetHandleVerifier [0x00007FF7C95FBA39+4825]
	BaseThreadInitThunk [0x00007FFF3C80E8D7+23]
	RtlUserThreadStart [0x00007FFF3D0FC34C+44]

2025-05-11 10:39:09,817 - src.data_collection.coffee_market - ERROR - Selenium error on attempt 2/3: Message: unknown error: net::ERR_NAME_NOT_RESOLVED
  (Session info: chrome=136.0.7103.93)
Stacktrace:
	GetHandleVerifier [0x00007FF7C960CF25+75717]
	GetHandleVerifier [0x00007FF7C960CF80+75808]
	(No symbol) [0x00007FF7C93D8F9A]
	(No symbol) [0x00007FF7C93D59F4]
	(No symbol) [0x00007FF7C93C6789]
	(No symbol) [0x00007FF7C93C84F8]
	(No symbol) [0x00007FF7C93C6A96]
	(No symbol) [0x00007FF7C93C6516]
	(No symbol) [0x00007FF7C93C61DA]
	(No symbol) [0x00007FF7C93C3E8A]
	(No symbol) [0x00007FF7C93C465C]
	(No symbol) [0x00007FF7C93DCF3A]
	(No symbol) [0x00007FF7C948013E]
	(No symbol) [0x00007FF7C945737A]
	(No symbol) [0x00007FF7C947F39C]
	(No symbol) [0x00007FF7C9457153]
	(No symbol) [0x00007FF7C9420421]
	(No symbol) [0x00007FF7C94211B3]
	GetHandleVerifier [0x00007FF7C990D6FD+3223453]
	GetHandleVerifier [0x00007FF7C9907CA2+3200322]
	GetHandleVerifier [0x00007FF7C9925AD3+3322739]
	GetHandleVerifier [0x00007FF7C96269FA+180890]
	GetHandleVerifier [0x00007FF7C962E0FF+211359]
	GetHandleVerifier [0x00007FF7C9615274+109332]
	GetHandleVerifier [0x00007FF7C9615422+109762]
	GetHandleVerifier [0x00007FF7C95FBA39+4825]
	BaseThreadInitThunk [0x00007FFF3C80E8D7+23]
	RtlUserThreadStart [0x00007FFF3D0FC34C+44]

2025-05-11 10:39:15,590 - src.data_collection.coffee_market - ERROR - Selenium error on attempt 3/3: Message: unknown error: net::ERR_NAME_NOT_RESOLVED
  (Session info: chrome=136.0.7103.93)
Stacktrace:
	GetHandleVerifier [0x00007FF7C960CF25+75717]
	GetHandleVerifier [0x00007FF7C960CF80+75808]
	(No symbol) [0x00007FF7C93D8F9A]
	(No symbol) [0x00007FF7C93D59F4]
	(No symbol) [0x00007FF7C93C6789]
	(No symbol) [0x00007FF7C93C84F8]
	(No symbol) [0x00007FF7C93C6A96]
	(No symbol) [0x00007FF7C93C6516]
	(No symbol) [0x00007FF7C93C61DA]
	(No symbol) [0x00007FF7C93C3E8A]
	(No symbol) [0x00007FF7C93C465C]
	(No symbol) [0x00007FF7C93DCF3A]
	(No symbol) [0x00007FF7C948013E]
	(No symbol) [0x00007FF7C945737A]
	(No symbol) [0x00007FF7C947F39C]
	(No symbol) [0x00007FF7C9457153]
	(No symbol) [0x00007FF7C9420421]
	(No symbol) [0x00007FF7C94211B3]
	GetHandleVerifier [0x00007FF7C990D6FD+3223453]
	GetHandleVerifier [0x00007FF7C9907CA2+3200322]
	GetHandleVerifier [0x00007FF7C9925AD3+3322739]
	GetHandleVerifier [0x00007FF7C96269FA+180890]
	GetHandleVerifier [0x00007FF7C962E0FF+211359]
	GetHandleVerifier [0x00007FF7C9615274+109332]
	GetHandleVerifier [0x00007FF7C9615422+109762]
	GetHandleVerifier [0x00007FF7C95FBA39+4825]
	BaseThreadInitThunk [0x00007FFF3C80E8D7+23]
	RtlUserThreadStart [0x00007FFF3D0FC34C+44]

2025-05-11 10:39:15,592 - src.data_collection.coffee_market - WARNING - Generating sample data for https://www.alibaba.pk/search/coffee
2025-05-11 10:39:15,599 - src.data_collection.coffee_market - INFO - Generated 10 sample products for alibaba
2025-05-11 10:39:17,912 - src.data_collection.coffee_market - WARNING - No product cards found on Alibaba using selector: .item-area
2025-05-11 10:39:17,926 - src.data_collection.coffee_market - INFO - Found products using alternative selector: .product-item
2025-05-11 10:39:17,927 - src.data_collection.coffee_market - INFO - Found 10 product cards on Alibaba
2025-05-11 10:39:17,934 - src.data_collection.coffee_market - WARNING - Failed to extract product name
2025-05-11 10:39:17,936 - src.data_collection.coffee_market - WARNING - Failed to extract product name
2025-05-11 10:39:17,938 - src.data_collection.coffee_market - WARNING - Failed to extract product name
2025-05-11 10:39:17,940 - src.data_collection.coffee_market - WARNING - Failed to extract product name
2025-05-11 10:39:17,941 - src.data_collection.coffee_market - WARNING - Failed to extract product name
2025-05-11 10:39:17,944 - src.data_collection.coffee_market - WARNING - Failed to extract product name
2025-05-11 10:39:17,947 - src.data_collection.coffee_market - WARNING - Failed to extract product name
2025-05-11 10:39:17,952 - src.data_collection.coffee_market - WARNING - Failed to extract product name
2025-05-11 10:39:17,955 - src.data_collection.coffee_market - WARNING - Failed to extract product name
2025-05-11 10:39:17,956 - src.data_collection.coffee_market - WARNING - Failed to extract product name
2025-05-11 10:39:17,957 - src.data_collection.coffee_market - INFO - Extracted 10 products from Alibaba
2025-05-11 10:39:17,958 - src.data_collection.coffee_market - INFO - Extracted 0 products from alibaba in 17.32 seconds
2025-05-11 10:39:17,958 - src.data_collection.coffee_market - WARNING - No products extracted from alibaba
2025-05-11 10:39:17,959 - src.data_collection.coffee_market - INFO - Collected data for 20 coffee products from 2 sites
2025-05-11 10:39:17,959 - src.data_collection.coffee_market - INFO - Successful sites: alfatah, naheed
2025-05-11 10:39:17,962 - src.data_collection.coffee_market - INFO - Failed sites: daraz, metro, alibaba
2025-05-11 10:39:18,013 - src.data_collection.coffee_market - INFO - Saved coffee market data to 4 CSV files
2025-05-11 11:33:30,275 - __main__ - INFO - Starting interactive coffee market data collection
2025-05-11 11:33:30,279 - __main__ - INFO - Starting interactive coffee market data collection for sites: foodpanda
2025-05-11 11:33:30,280 - src.data_collection.coffee_market - INFO - Starting coffee market data collection
2025-05-11 11:33:30,281 - src.data_collection.coffee_market - INFO - Processing site: daraz
2025-05-11 11:33:30,281 - src.data_collection.coffee_market - INFO - Extracting coffee data from Daraz
2025-05-11 11:33:30,282 - src.data_collection.coffee_market - INFO - Fetching content from https://www.daraz.pk/catalog/?q=coffee (using Selenium)
2025-05-11 11:33:53,508 - src.data_collection.coffee_market - INFO - Extracted 0 products from Daraz
2025-05-11 11:33:53,508 - src.data_collection.coffee_market - INFO - Extracted 0 products from daraz in 23.23 seconds
2025-05-11 11:33:53,510 - src.data_collection.coffee_market - WARNING - No products extracted from daraz
2025-05-11 11:33:53,510 - src.data_collection.coffee_market - INFO - Processing site: alfatah
2025-05-11 11:33:53,515 - src.data_collection.coffee_market - INFO - Extracting coffee data from Alfatah
2025-05-11 11:33:53,516 - src.data_collection.coffee_market - INFO - Fetching content from https://www.alfatah.com.pk/collections/coffee (using Requests)
2025-05-11 11:33:55,535 - src.data_collection.coffee_market - ERROR - Request error on attempt 1/3: 404 Client Error: Not Found for url: https://www.alfatah.com.pk/collections/coffee
2025-05-11 11:33:55,536 - src.data_collection.coffee_market - INFO - Retry 2/3 after 2.9s
2025-05-11 11:33:59,366 - src.data_collection.coffee_market - ERROR - Request error on attempt 2/3: 404 Client Error: Not Found for url: https://www.alfatah.com.pk/collections/coffee
2025-05-11 11:33:59,378 - src.data_collection.coffee_market - INFO - Retry 3/3 after 2.2s
2025-05-11 11:34:02,486 - src.data_collection.coffee_market - ERROR - Request error on attempt 3/3: 404 Client Error: Not Found for url: https://www.alfatah.com.pk/collections/coffee
2025-05-11 11:34:02,487 - src.data_collection.coffee_market - WARNING - Generating sample data for https://www.alfatah.com.pk/collections/coffee
2025-05-11 11:34:02,493 - src.data_collection.coffee_market - INFO - Generated 10 sample products for alfatah
2025-05-11 11:34:02,520 - src.data_collection.coffee_market - INFO - Extracted 10 products from Alfatah
2025-05-11 11:34:02,522 - src.data_collection.coffee_market - INFO - Extracted 10 products from alfatah in 9.01 seconds
2025-05-11 11:34:02,523 - src.data_collection.coffee_market - INFO - Processing site: naheed
2025-05-11 11:34:02,524 - src.data_collection.coffee_market - INFO - Extracting coffee data from Naheed
2025-05-11 11:34:02,525 - src.data_collection.coffee_market - INFO - Fetching content from https://www.naheed.pk/catalogsearch/result/?q=coffee (using Selenium)
2025-05-11 11:34:18,669 - src.data_collection.coffee_market - INFO - Extracted 36 products from Naheed
2025-05-11 11:34:18,670 - src.data_collection.coffee_market - INFO - Extracted 36 products from naheed in 16.15 seconds
2025-05-11 11:34:18,671 - src.data_collection.coffee_market - INFO - Processing site: metro
2025-05-11 11:34:18,672 - src.data_collection.coffee_market - INFO - Extracting coffee data from Metro Online
2025-05-11 11:34:18,673 - src.data_collection.coffee_market - INFO - Fetching content from https://metro-online.pk/product-category/beverages/coffee-tea/ (using Requests)
2025-05-11 11:34:19,592 - src.data_collection.coffee_market - ERROR - Request error on attempt 1/3: 404 Client Error: Not Found for url: https://www.metro-online.pk/product-category/beverages/coffee-tea
2025-05-11 11:34:19,594 - src.data_collection.coffee_market - INFO - Retry 2/3 after 2.2s
2025-05-11 11:34:22,286 - src.data_collection.coffee_market - ERROR - Request error on attempt 2/3: 404 Client Error: Not Found for url: https://www.metro-online.pk/product-category/beverages/coffee-tea
2025-05-11 11:34:22,287 - src.data_collection.coffee_market - INFO - Retry 3/3 after 3.9s
2025-05-11 11:34:26,609 - src.data_collection.coffee_market - ERROR - Request error on attempt 3/3: 404 Client Error: Not Found for url: https://www.metro-online.pk/product-category/beverages/coffee-tea
2025-05-11 11:34:26,610 - src.data_collection.coffee_market - WARNING - Generating sample data for https://metro-online.pk/product-category/beverages/coffee-tea/
2025-05-11 11:34:26,623 - src.data_collection.coffee_market - INFO - Generated 10 sample products for metro
2025-05-11 11:34:26,626 - src.data_collection.coffee_market - WARNING - No product cards found on Metro using selector: li.product
2025-05-11 11:34:26,628 - src.data_collection.coffee_market - WARNING - Failed with alternative selector too
2025-05-11 11:34:26,630 - src.data_collection.coffee_market - INFO - Extracted 0 products from metro in 7.96 seconds
2025-05-11 11:34:26,635 - src.data_collection.coffee_market - WARNING - No products extracted from metro
2025-05-11 11:34:26,636 - src.data_collection.coffee_market - INFO - Processing site: alibaba
2025-05-11 11:34:26,637 - src.data_collection.coffee_market - INFO - Extracting coffee data from Alibaba Pakistan
2025-05-11 11:34:26,638 - src.data_collection.coffee_market - INFO - Fetching content from https://www.alibaba.pk/search/coffee (using Selenium)
2025-05-11 11:34:29,833 - src.data_collection.coffee_market - ERROR - Selenium error on attempt 1/3: Message: unknown error: net::ERR_NAME_NOT_RESOLVED
  (Session info: chrome=136.0.7103.93)
Stacktrace:
	GetHandleVerifier [0x00007FF7C960CF25+75717]
	GetHandleVerifier [0x00007FF7C960CF80+75808]
	(No symbol) [0x00007FF7C93D8F9A]
	(No symbol) [0x00007FF7C93D59F4]
	(No symbol) [0x00007FF7C93C6789]
	(No symbol) [0x00007FF7C93C84F8]
	(No symbol) [0x00007FF7C93C6A96]
	(No symbol) [0x00007FF7C93C6516]
	(No symbol) [0x00007FF7C93C61DA]
	(No symbol) [0x00007FF7C93C3E8A]
	(No symbol) [0x00007FF7C93C465C]
	(No symbol) [0x00007FF7C93DCF3A]
	(No symbol) [0x00007FF7C948013E]
	(No symbol) [0x00007FF7C945737A]
	(No symbol) [0x00007FF7C947F39C]
	(No symbol) [0x00007FF7C9457153]
	(No symbol) [0x00007FF7C9420421]
	(No symbol) [0x00007FF7C94211B3]
	GetHandleVerifier [0x00007FF7C990D6FD+3223453]
	GetHandleVerifier [0x00007FF7C9907CA2+3200322]
	GetHandleVerifier [0x00007FF7C9925AD3+3322739]
	GetHandleVerifier [0x00007FF7C96269FA+180890]
	GetHandleVerifier [0x00007FF7C962E0FF+211359]
	GetHandleVerifier [0x00007FF7C9615274+109332]
	GetHandleVerifier [0x00007FF7C9615422+109762]
	GetHandleVerifier [0x00007FF7C95FBA39+4825]
	BaseThreadInitThunk [0x00007FFF3C80E8D7+23]
	RtlUserThreadStart [0x00007FFF3D0FC34C+44]

2025-05-11 11:34:35,522 - src.data_collection.coffee_market - ERROR - Selenium error on attempt 2/3: Message: unknown error: net::ERR_NAME_NOT_RESOLVED
  (Session info: chrome=136.0.7103.93)
Stacktrace:
	GetHandleVerifier [0x00007FF7C960CF25+75717]
	GetHandleVerifier [0x00007FF7C960CF80+75808]
	(No symbol) [0x00007FF7C93D8F9A]
	(No symbol) [0x00007FF7C93D59F4]
	(No symbol) [0x00007FF7C93C6789]
	(No symbol) [0x00007FF7C93C84F8]
	(No symbol) [0x00007FF7C93C6A96]
	(No symbol) [0x00007FF7C93C6516]
	(No symbol) [0x00007FF7C93C61DA]
	(No symbol) [0x00007FF7C93C3E8A]
	(No symbol) [0x00007FF7C93C465C]
	(No symbol) [0x00007FF7C93DCF3A]
	(No symbol) [0x00007FF7C948013E]
	(No symbol) [0x00007FF7C945737A]
	(No symbol) [0x00007FF7C947F39C]
	(No symbol) [0x00007FF7C9457153]
	(No symbol) [0x00007FF7C9420421]
	(No symbol) [0x00007FF7C94211B3]
	GetHandleVerifier [0x00007FF7C990D6FD+3223453]
	GetHandleVerifier [0x00007FF7C9907CA2+3200322]
	GetHandleVerifier [0x00007FF7C9925AD3+3322739]
	GetHandleVerifier [0x00007FF7C96269FA+180890]
	GetHandleVerifier [0x00007FF7C962E0FF+211359]
	GetHandleVerifier [0x00007FF7C9615274+109332]
	GetHandleVerifier [0x00007FF7C9615422+109762]
	GetHandleVerifier [0x00007FF7C95FBA39+4825]
	BaseThreadInitThunk [0x00007FFF3C80E8D7+23]
	RtlUserThreadStart [0x00007FFF3D0FC34C+44]

2025-05-11 11:34:41,127 - src.data_collection.coffee_market - ERROR - Selenium error on attempt 3/3: Message: unknown error: net::ERR_NAME_NOT_RESOLVED
  (Session info: chrome=136.0.7103.93)
Stacktrace:
	GetHandleVerifier [0x00007FF7C960CF25+75717]
	GetHandleVerifier [0x00007FF7C960CF80+75808]
	(No symbol) [0x00007FF7C93D8F9A]
	(No symbol) [0x00007FF7C93D59F4]
	(No symbol) [0x00007FF7C93C6789]
	(No symbol) [0x00007FF7C93C84F8]
	(No symbol) [0x00007FF7C93C6A96]
	(No symbol) [0x00007FF7C93C6516]
	(No symbol) [0x00007FF7C93C61DA]
	(No symbol) [0x00007FF7C93C3E8A]
	(No symbol) [0x00007FF7C93C465C]
	(No symbol) [0x00007FF7C93DCF3A]
	(No symbol) [0x00007FF7C948013E]
	(No symbol) [0x00007FF7C945737A]
	(No symbol) [0x00007FF7C947F39C]
	(No symbol) [0x00007FF7C9457153]
	(No symbol) [0x00007FF7C9420421]
	(No symbol) [0x00007FF7C94211B3]
	GetHandleVerifier [0x00007FF7C990D6FD+3223453]
	GetHandleVerifier [0x00007FF7C9907CA2+3200322]
	GetHandleVerifier [0x00007FF7C9925AD3+3322739]
	GetHandleVerifier [0x00007FF7C96269FA+180890]
	GetHandleVerifier [0x00007FF7C962E0FF+211359]
	GetHandleVerifier [0x00007FF7C9615274+109332]
	GetHandleVerifier [0x00007FF7C9615422+109762]
	GetHandleVerifier [0x00007FF7C95FBA39+4825]
	BaseThreadInitThunk [0x00007FFF3C80E8D7+23]
	RtlUserThreadStart [0x00007FFF3D0FC34C+44]

2025-05-11 11:34:41,129 - src.data_collection.coffee_market - WARNING - Generating sample data for https://www.alibaba.pk/search/coffee
2025-05-11 11:34:41,135 - src.data_collection.coffee_market - INFO - Generated 10 sample products for alibaba
2025-05-11 11:34:43,430 - src.data_collection.coffee_market - WARNING - No product cards found on Alibaba using selector: .item-area
2025-05-11 11:34:43,438 - src.data_collection.coffee_market - INFO - Found products using alternative selector: .product-item
2025-05-11 11:34:43,439 - src.data_collection.coffee_market - INFO - Found 10 product cards on Alibaba
2025-05-11 11:34:43,446 - src.data_collection.coffee_market - WARNING - Failed to extract product name
2025-05-11 11:34:43,451 - src.data_collection.coffee_market - WARNING - Failed to extract product name
2025-05-11 11:34:43,456 - src.data_collection.coffee_market - WARNING - Failed to extract product name
2025-05-11 11:34:43,464 - src.data_collection.coffee_market - WARNING - Failed to extract product name
2025-05-11 11:34:43,472 - src.data_collection.coffee_market - WARNING - Failed to extract product name
2025-05-11 11:34:43,478 - src.data_collection.coffee_market - WARNING - Failed to extract product name
2025-05-11 11:34:43,481 - src.data_collection.coffee_market - WARNING - Failed to extract product name
2025-05-11 11:34:43,487 - src.data_collection.coffee_market - WARNING - Failed to extract product name
2025-05-11 11:34:43,489 - src.data_collection.coffee_market - WARNING - Failed to extract product name
2025-05-11 11:34:43,492 - src.data_collection.coffee_market - WARNING - Failed to extract product name
2025-05-11 11:34:43,495 - src.data_collection.coffee_market - INFO - Extracted 10 products from Alibaba
2025-05-11 11:34:43,496 - src.data_collection.coffee_market - INFO - Extracted 0 products from alibaba in 16.86 seconds
2025-05-11 11:34:43,496 - src.data_collection.coffee_market - WARNING - No products extracted from alibaba
2025-05-11 11:34:43,497 - src.data_collection.coffee_market - INFO - Processing site: foodpanda
2025-05-11 11:34:43,497 - src.data_collection.coffee_market - INFO - Extracting coffee data from Foodpanda
2025-05-11 11:34:43,498 - src.data_collection.coffee_market - INFO - Fetching content from https://www.foodpanda.pk/groceries/shop/s/search/coffee (using Selenium)
2025-05-11 11:35:01,293 - src.data_collection.coffee_market - WARNING - No product cards found on Foodpanda using selector: .product-card
2025-05-11 11:35:01,313 - src.data_collection.coffee_market - WARNING - Failed with all selectors
2025-05-11 11:35:01,315 - src.data_collection.coffee_market - INFO - Extracted 0 products from foodpanda in 17.82 seconds
2025-05-11 11:35:01,316 - src.data_collection.coffee_market - WARNING - No products extracted from foodpanda
2025-05-11 11:35:01,322 - src.data_collection.coffee_market - INFO - Collected data for 46 coffee products from 2 sites
2025-05-11 11:35:01,324 - src.data_collection.coffee_market - INFO - Successful sites: alfatah, naheed
2025-05-11 11:35:01,326 - src.data_collection.coffee_market - INFO - Failed sites: daraz, metro, alibaba, foodpanda
2025-05-11 11:35:01,420 - src.data_collection.coffee_market - INFO - Saved coffee market data to 4 CSV files
2025-05-11 11:36:34,486 - __main__ - INFO - Starting interactive coffee market data collection
2025-05-11 11:36:34,487 - __main__ - INFO - Starting interactive coffee market data collection for sites: foodpanda
2025-05-11 11:36:34,488 - __main__ - INFO - Using sample data mode
2025-05-11 11:36:34,489 - src.data_collection.coffee_market - WARNING - Generating sample product dataset
2025-05-11 11:36:34,490 - src.data_collection.coffee_market - INFO - Added 15 sample products to the dataset
2025-05-11 11:36:34,560 - src.data_collection.coffee_market - INFO - Saved coffee market data to 4 CSV files
2025-05-11 11:38:00,301 - __main__ - INFO - Starting interactive coffee market data collection
2025-05-11 11:38:00,302 - __main__ - INFO - Starting interactive coffee market data collection for sites: foodpanda
2025-05-11 11:38:00,304 - src.data_collection.coffee_market - INFO - Starting coffee market data collection
2025-05-11 11:38:00,305 - src.data_collection.coffee_market - INFO - Processing site: daraz
2025-05-11 11:38:00,305 - src.data_collection.coffee_market - INFO - Extracting coffee data from Daraz
2025-05-11 11:38:00,306 - src.data_collection.coffee_market - INFO - Fetching content from https://www.daraz.pk/catalog/?q=coffee (using Selenium)
2025-05-11 11:38:19,909 - src.data_collection.coffee_market - INFO - Extracted 0 products from Daraz
2025-05-11 11:38:19,910 - src.data_collection.coffee_market - INFO - Extracted 0 products from daraz in 19.60 seconds
2025-05-11 11:38:19,911 - src.data_collection.coffee_market - WARNING - No products extracted from daraz
2025-05-11 11:38:19,912 - src.data_collection.coffee_market - INFO - Processing site: alfatah
2025-05-11 11:38:19,913 - src.data_collection.coffee_market - INFO - Extracting coffee data from Alfatah
2025-05-11 11:38:19,917 - src.data_collection.coffee_market - INFO - Fetching content from https://www.alfatah.com.pk/collections/coffee (using Requests)
2025-05-11 11:38:21,489 - src.data_collection.coffee_market - ERROR - Request error on attempt 1/3: 404 Client Error: Not Found for url: https://www.alfatah.com.pk/collections/coffee
2025-05-11 11:38:21,490 - src.data_collection.coffee_market - INFO - Retry 2/3 after 3.1s
2025-05-11 11:38:25,206 - src.data_collection.coffee_market - ERROR - Request error on attempt 2/3: 404 Client Error: Not Found for url: https://www.alfatah.com.pk/collections/coffee
2025-05-11 11:38:25,207 - src.data_collection.coffee_market - INFO - Retry 3/3 after 4.0s
2025-05-11 11:38:31,445 - src.data_collection.coffee_market - ERROR - Request error on attempt 3/3: 404 Client Error: Not Found for url: https://www.alfatah.com.pk/collections/coffee
2025-05-11 11:38:31,446 - src.data_collection.coffee_market - WARNING - Generating sample data for https://www.alfatah.com.pk/collections/coffee
2025-05-11 11:38:31,464 - src.data_collection.coffee_market - INFO - Generated 10 sample products for alfatah
2025-05-11 11:38:31,504 - src.data_collection.coffee_market - INFO - Extracted 10 products from Alfatah
2025-05-11 11:38:31,505 - src.data_collection.coffee_market - INFO - Extracted 10 products from alfatah in 11.59 seconds
2025-05-11 11:38:31,508 - src.data_collection.coffee_market - INFO - Processing site: naheed
2025-05-11 11:38:31,509 - src.data_collection.coffee_market - INFO - Extracting coffee data from Naheed
2025-05-11 11:38:31,510 - src.data_collection.coffee_market - INFO - Fetching content from https://www.naheed.pk/catalogsearch/result/?q=coffee (using Selenium)
2025-05-11 11:38:49,576 - src.data_collection.coffee_market - INFO - Extracted 36 products from Naheed
2025-05-11 11:38:49,577 - src.data_collection.coffee_market - INFO - Extracted 36 products from naheed in 18.07 seconds
2025-05-11 11:38:49,577 - src.data_collection.coffee_market - INFO - Processing site: metro
2025-05-11 11:38:49,578 - src.data_collection.coffee_market - INFO - Extracting coffee data from Metro Online
2025-05-11 11:38:49,578 - src.data_collection.coffee_market - INFO - Fetching content from https://metro-online.pk/product-category/beverages/coffee-tea/ (using Requests)
2025-05-11 11:38:50,389 - src.data_collection.coffee_market - ERROR - Request error on attempt 1/3: 404 Client Error: Not Found for url: https://www.metro-online.pk/product-category/beverages/coffee-tea
2025-05-11 11:38:50,413 - src.data_collection.coffee_market - INFO - Retry 2/3 after 3.4s
2025-05-11 11:38:54,339 - src.data_collection.coffee_market - ERROR - Request error on attempt 2/3: 404 Client Error: Not Found for url: https://www.metro-online.pk/product-category/beverages/coffee-tea
2025-05-11 11:38:54,340 - src.data_collection.coffee_market - INFO - Retry 3/3 after 2.0s
2025-05-11 11:38:57,072 - src.data_collection.coffee_market - ERROR - Request error on attempt 3/3: 404 Client Error: Not Found for url: https://www.metro-online.pk/product-category/beverages/coffee-tea
2025-05-11 11:38:57,073 - src.data_collection.coffee_market - WARNING - Generating sample data for https://metro-online.pk/product-category/beverages/coffee-tea/
2025-05-11 11:38:57,079 - src.data_collection.coffee_market - INFO - Generated 10 sample products for metro
2025-05-11 11:38:57,081 - src.data_collection.coffee_market - WARNING - No product cards found on Metro using selector: li.product
2025-05-11 11:38:57,083 - src.data_collection.coffee_market - WARNING - Failed with alternative selector too
2025-05-11 11:38:57,085 - src.data_collection.coffee_market - INFO - Extracted 0 products from metro in 7.51 seconds
2025-05-11 11:38:57,087 - src.data_collection.coffee_market - WARNING - No products extracted from metro
2025-05-11 11:38:57,088 - src.data_collection.coffee_market - INFO - Processing site: alibaba
2025-05-11 11:38:57,090 - src.data_collection.coffee_market - INFO - Extracting coffee data from Alibaba Pakistan
2025-05-11 11:38:57,091 - src.data_collection.coffee_market - INFO - Fetching content from https://www.alibaba.pk/search/coffee (using Selenium)
2025-05-11 11:39:00,274 - src.data_collection.coffee_market - ERROR - Selenium error on attempt 1/3: Message: unknown error: net::ERR_NAME_NOT_RESOLVED
  (Session info: chrome=136.0.7103.93)
Stacktrace:
	GetHandleVerifier [0x00007FF7C960CF25+75717]
	GetHandleVerifier [0x00007FF7C960CF80+75808]
	(No symbol) [0x00007FF7C93D8F9A]
	(No symbol) [0x00007FF7C93D59F4]
	(No symbol) [0x00007FF7C93C6789]
	(No symbol) [0x00007FF7C93C84F8]
	(No symbol) [0x00007FF7C93C6A96]
	(No symbol) [0x00007FF7C93C6516]
	(No symbol) [0x00007FF7C93C61DA]
	(No symbol) [0x00007FF7C93C3E8A]
	(No symbol) [0x00007FF7C93C465C]
	(No symbol) [0x00007FF7C93DCF3A]
	(No symbol) [0x00007FF7C948013E]
	(No symbol) [0x00007FF7C945737A]
	(No symbol) [0x00007FF7C947F39C]
	(No symbol) [0x00007FF7C9457153]
	(No symbol) [0x00007FF7C9420421]
	(No symbol) [0x00007FF7C94211B3]
	GetHandleVerifier [0x00007FF7C990D6FD+3223453]
	GetHandleVerifier [0x00007FF7C9907CA2+3200322]
	GetHandleVerifier [0x00007FF7C9925AD3+3322739]
	GetHandleVerifier [0x00007FF7C96269FA+180890]
	GetHandleVerifier [0x00007FF7C962E0FF+211359]
	GetHandleVerifier [0x00007FF7C9615274+109332]
	GetHandleVerifier [0x00007FF7C9615422+109762]
	GetHandleVerifier [0x00007FF7C95FBA39+4825]
	BaseThreadInitThunk [0x00007FFF3C80E8D7+23]
	RtlUserThreadStart [0x00007FFF3D0FC34C+44]

2025-05-11 11:39:05,743 - src.data_collection.coffee_market - ERROR - Selenium error on attempt 2/3: Message: unknown error: net::ERR_NAME_NOT_RESOLVED
  (Session info: chrome=136.0.7103.93)
Stacktrace:
	GetHandleVerifier [0x00007FF7C960CF25+75717]
	GetHandleVerifier [0x00007FF7C960CF80+75808]
	(No symbol) [0x00007FF7C93D8F9A]
	(No symbol) [0x00007FF7C93D59F4]
	(No symbol) [0x00007FF7C93C6789]
	(No symbol) [0x00007FF7C93C84F8]
	(No symbol) [0x00007FF7C93C6A96]
	(No symbol) [0x00007FF7C93C6516]
	(No symbol) [0x00007FF7C93C61DA]
	(No symbol) [0x00007FF7C93C3E8A]
	(No symbol) [0x00007FF7C93C465C]
	(No symbol) [0x00007FF7C93DCF3A]
	(No symbol) [0x00007FF7C948013E]
	(No symbol) [0x00007FF7C945737A]
	(No symbol) [0x00007FF7C947F39C]
	(No symbol) [0x00007FF7C9457153]
	(No symbol) [0x00007FF7C9420421]
	(No symbol) [0x00007FF7C94211B3]
	GetHandleVerifier [0x00007FF7C990D6FD+3223453]
	GetHandleVerifier [0x00007FF7C9907CA2+3200322]
	GetHandleVerifier [0x00007FF7C9925AD3+3322739]
	GetHandleVerifier [0x00007FF7C96269FA+180890]
	GetHandleVerifier [0x00007FF7C962E0FF+211359]
	GetHandleVerifier [0x00007FF7C9615274+109332]
	GetHandleVerifier [0x00007FF7C9615422+109762]
	GetHandleVerifier [0x00007FF7C95FBA39+4825]
	BaseThreadInitThunk [0x00007FFF3C80E8D7+23]
	RtlUserThreadStart [0x00007FFF3D0FC34C+44]

2025-05-11 11:39:13,328 - src.data_collection.coffee_market - ERROR - Selenium error on attempt 3/3: Message: unknown error: net::ERR_NAME_NOT_RESOLVED
  (Session info: chrome=136.0.7103.93)
Stacktrace:
	GetHandleVerifier [0x00007FF7C960CF25+75717]
	GetHandleVerifier [0x00007FF7C960CF80+75808]
	(No symbol) [0x00007FF7C93D8F9A]
	(No symbol) [0x00007FF7C93D59F4]
	(No symbol) [0x00007FF7C93C6789]
	(No symbol) [0x00007FF7C93C84F8]
	(No symbol) [0x00007FF7C93C6A96]
	(No symbol) [0x00007FF7C93C6516]
	(No symbol) [0x00007FF7C93C61DA]
	(No symbol) [0x00007FF7C93C3E8A]
	(No symbol) [0x00007FF7C93C465C]
	(No symbol) [0x00007FF7C93DCF3A]
	(No symbol) [0x00007FF7C948013E]
	(No symbol) [0x00007FF7C945737A]
	(No symbol) [0x00007FF7C947F39C]
	(No symbol) [0x00007FF7C9457153]
	(No symbol) [0x00007FF7C9420421]
	(No symbol) [0x00007FF7C94211B3]
	GetHandleVerifier [0x00007FF7C990D6FD+3223453]
	GetHandleVerifier [0x00007FF7C9907CA2+3200322]
	GetHandleVerifier [0x00007FF7C9925AD3+3322739]
	GetHandleVerifier [0x00007FF7C96269FA+180890]
	GetHandleVerifier [0x00007FF7C962E0FF+211359]
	GetHandleVerifier [0x00007FF7C9615274+109332]
	GetHandleVerifier [0x00007FF7C9615422+109762]
	GetHandleVerifier [0x00007FF7C95FBA39+4825]
	BaseThreadInitThunk [0x00007FFF3C80E8D7+23]
	RtlUserThreadStart [0x00007FFF3D0FC34C+44]

2025-05-11 11:39:13,330 - src.data_collection.coffee_market - WARNING - Generating sample data for https://www.alibaba.pk/search/coffee
2025-05-11 11:39:13,335 - src.data_collection.coffee_market - INFO - Generated 10 sample products for alibaba
2025-05-11 11:39:15,970 - src.data_collection.coffee_market - WARNING - No product cards found on Alibaba using selector: .item-area
2025-05-11 11:39:15,972 - src.data_collection.coffee_market - INFO - Found products using alternative selector: .product-item
2025-05-11 11:39:15,973 - src.data_collection.coffee_market - INFO - Found 10 product cards on Alibaba
2025-05-11 11:39:15,974 - src.data_collection.coffee_market - WARNING - Failed to extract product name
2025-05-11 11:39:15,976 - src.data_collection.coffee_market - WARNING - Failed to extract product name
2025-05-11 11:39:15,979 - src.data_collection.coffee_market - WARNING - Failed to extract product name
2025-05-11 11:39:15,981 - src.data_collection.coffee_market - WARNING - Failed to extract product name
2025-05-11 11:39:15,986 - src.data_collection.coffee_market - WARNING - Failed to extract product name
2025-05-11 11:39:15,988 - src.data_collection.coffee_market - WARNING - Failed to extract product name
2025-05-11 11:39:15,990 - src.data_collection.coffee_market - WARNING - Failed to extract product name
2025-05-11 11:39:15,993 - src.data_collection.coffee_market - WARNING - Failed to extract product name
2025-05-11 11:39:16,006 - src.data_collection.coffee_market - WARNING - Failed to extract product name
2025-05-11 11:39:16,010 - src.data_collection.coffee_market - WARNING - Failed to extract product name
2025-05-11 11:39:16,011 - src.data_collection.coffee_market - INFO - Extracted 10 products from Alibaba
2025-05-11 11:39:16,012 - src.data_collection.coffee_market - INFO - Extracted 0 products from alibaba in 18.92 seconds
2025-05-11 11:39:16,013 - src.data_collection.coffee_market - WARNING - No products extracted from alibaba
2025-05-11 11:39:16,015 - src.data_collection.coffee_market - INFO - Processing site: foodpanda
2025-05-11 11:39:16,016 - src.data_collection.coffee_market - INFO - Extracting coffee data from Foodpanda
2025-05-11 11:39:16,017 - src.data_collection.coffee_market - INFO - Fetching content from https://www.foodpanda.pk/groceries/shop/s/search/coffee (using Selenium)
2025-05-11 11:39:39,074 - src.data_collection.coffee_market - WARNING - No product cards found on Foodpanda using selector: .product-card
2025-05-11 11:39:39,087 - src.data_collection.coffee_market - WARNING - Failed with all selectors
2025-05-11 11:39:39,087 - src.data_collection.coffee_market - INFO - Extracted 0 products from foodpanda in 23.07 seconds
2025-05-11 11:39:39,090 - src.data_collection.coffee_market - WARNING - No products extracted from foodpanda
2025-05-11 11:39:39,091 - src.data_collection.coffee_market - INFO - Collected data for 46 coffee products from 2 sites
2025-05-11 11:39:39,092 - src.data_collection.coffee_market - INFO - Successful sites: alfatah, naheed
2025-05-11 11:39:39,095 - src.data_collection.coffee_market - INFO - Failed sites: daraz, metro, alibaba, foodpanda
2025-05-11 11:39:39,195 - src.data_collection.coffee_market - INFO - Saved coffee market data to 4 CSV files
2025-05-11 12:46:06,983 - __main__ - INFO - Starting interactive coffee market data collection
2025-05-11 12:46:06,984 - __main__ - INFO - Starting interactive coffee market data collection for sites: daraz, naheed, foodpanda
2025-05-11 12:46:06,985 - src.data_collection.coffee_market - INFO - Starting coffee market data collection
2025-05-11 12:46:06,985 - src.data_collection.coffee_market - INFO - Processing site: daraz
2025-05-11 12:46:06,986 - src.data_collection.coffee_market - INFO - Extracting coffee data from Daraz
2025-05-11 12:46:06,986 - src.data_collection.coffee_market - INFO - Fetching content from https://www.daraz.pk/catalog/?q=coffee (using Selenium)
2025-05-11 12:46:28,105 - src.data_collection.coffee_market - INFO - Extracted 0 products from Daraz
2025-05-11 12:46:28,106 - src.data_collection.coffee_market - INFO - Extracted 0 products from daraz in 21.12 seconds
2025-05-11 12:46:28,107 - src.data_collection.coffee_market - WARNING - No products extracted from daraz
2025-05-11 12:46:28,107 - src.data_collection.coffee_market - INFO - Processing site: alfatah
2025-05-11 12:46:28,108 - src.data_collection.coffee_market - INFO - Extracting coffee data from Alfatah
2025-05-11 12:46:28,109 - src.data_collection.coffee_market - INFO - Fetching content from https://alfatah.pk/search?q=coffee&options%5Bprefix%5D=last (using Requests)
2025-05-11 12:46:30,375 - src.data_collection.coffee_market - INFO - Extracted 0 products from Alfatah
2025-05-11 12:46:30,375 - src.data_collection.coffee_market - INFO - Extracted 0 products from alfatah in 2.27 seconds
2025-05-11 12:46:30,376 - src.data_collection.coffee_market - WARNING - No products extracted from alfatah
2025-05-11 12:46:30,376 - src.data_collection.coffee_market - INFO - Processing site: naheed
2025-05-11 12:46:30,377 - src.data_collection.coffee_market - INFO - Extracting coffee data from Naheed
2025-05-11 12:46:30,377 - src.data_collection.coffee_market - INFO - Fetching content from https://www.naheed.pk/catalogsearch/result/?q=coffee (using Selenium)
2025-05-11 12:46:46,890 - src.data_collection.coffee_market - INFO - Extracted 36 products from Naheed
2025-05-11 12:46:46,891 - src.data_collection.coffee_market - INFO - Extracted 36 products from naheed in 16.51 seconds
2025-05-11 12:46:46,891 - src.data_collection.coffee_market - INFO - Processing site: metro
2025-05-11 12:46:46,891 - src.data_collection.coffee_market - INFO - Extracting coffee data from Metro Online
2025-05-11 12:46:46,892 - src.data_collection.coffee_market - INFO - Fetching content from https://www.metro-online.pk/search/coffess?searchText=coffess&url=&isSearched=true (using Requests)
2025-05-11 12:46:47,358 - src.data_collection.coffee_market - WARNING - No product cards found on Metro using selector: .product-item
2025-05-11 12:46:47,363 - src.data_collection.coffee_market - WARNING - Failed with alternative selector too
2025-05-11 12:46:47,367 - src.data_collection.coffee_market - INFO - Extracted 0 products from metro in 0.48 seconds
2025-05-11 12:46:47,368 - src.data_collection.coffee_market - WARNING - No products extracted from metro
2025-05-11 12:46:47,369 - src.data_collection.coffee_market - INFO - Processing site: alibaba
2025-05-11 12:46:47,370 - src.data_collection.coffee_market - INFO - Extracting coffee data from Alibaba Pakistan
2025-05-11 12:46:47,371 - src.data_collection.coffee_market - INFO - Fetching content from https://www.alibaba.com/trade/search?spm=a2700.product_home_newuser.home_new_user_first_screen_fy23_pc_search_bar.keydown__Enter&tab=all&SearchText=coffee (using Selenium)
2025-05-11 12:47:12,341 - src.data_collection.coffee_market - WARNING - No product cards found on Alibaba using selector: .J-offer-wrapper
2025-05-11 12:47:12,549 - src.data_collection.coffee_market - WARNING - Failed with all selectors
2025-05-11 12:47:12,551 - src.data_collection.coffee_market - INFO - Extracted 0 products from alibaba in 25.18 seconds
2025-05-11 12:47:12,552 - src.data_collection.coffee_market - WARNING - No products extracted from alibaba
2025-05-11 12:47:12,552 - src.data_collection.coffee_market - INFO - Processing site: foodpanda
2025-05-11 12:47:12,552 - src.data_collection.coffee_market - INFO - Extracting coffee data from Foodpanda
2025-05-11 12:47:12,553 - src.data_collection.coffee_market - INFO - Fetching content from https://www.foodpanda.pk/groceries/pandamart/s/search/coffee (using Selenium)
2025-05-11 12:47:31,094 - src.data_collection.coffee_market - WARNING - No product cards found on Foodpanda using selector: .dish-card
2025-05-11 12:47:31,154 - src.data_collection.coffee_market - WARNING - Failed with all selectors
2025-05-11 12:47:31,163 - src.data_collection.coffee_market - INFO - Extracted 0 products from foodpanda in 18.61 seconds
2025-05-11 12:47:31,164 - src.data_collection.coffee_market - WARNING - No products extracted from foodpanda
2025-05-11 12:47:31,166 - src.data_collection.coffee_market - INFO - Collected data for 36 coffee products from 1 sites
2025-05-11 12:47:31,171 - src.data_collection.coffee_market - INFO - Successful sites: naheed
2025-05-11 12:47:31,172 - src.data_collection.coffee_market - INFO - Failed sites: daraz, alfatah, metro, alibaba, foodpanda
2025-05-11 12:47:31,277 - __main__ - ERROR - Error during coffee market data collection: No module named 'openpyxl'
Traceback (most recent call last):
  File "C:\Users\MADIHA\Desktop\python automation\collect_coffee_market_interactive.py", line 195, in main
    result = collect_data_interactive(args, logger)
  File "C:\Users\MADIHA\Desktop\python automation\collect_coffee_market_interactive.py", line 138, in collect_data_interactive
    saved_paths = collector.save_data(timestamp)
  File "C:\Users\MADIHA\Desktop\python automation\src\data_collection\coffee_market.py", line 1409, in save_data
    with pd.ExcelWriter(consolidated_path) as writer:
         ~~~~~~~~~~~~~~^^^^^^^^^^^^^^^^^^^
  File "C:\Users\MADIHA\Desktop\python automation\venv\Lib\site-packages\pandas\io\excel\_openpyxl.py", line 57, in __init__
    from openpyxl.workbook import Workbook
ModuleNotFoundError: No module named 'openpyxl'
2025-05-11 12:48:26,336 - __main__ - INFO - Starting interactive coffee market data collection
2025-05-11 12:48:26,340 - __main__ - INFO - Starting interactive coffee market data collection for sites: naheed
2025-05-11 12:48:26,341 - src.data_collection.coffee_market - INFO - Starting coffee market data collection
2025-05-11 12:48:26,342 - src.data_collection.coffee_market - INFO - Processing site: daraz
2025-05-11 12:48:26,342 - src.data_collection.coffee_market - INFO - Extracting coffee data from Daraz
2025-05-11 12:48:26,343 - src.data_collection.coffee_market - INFO - Fetching content from https://www.daraz.pk/catalog/?q=coffee (using Selenium)
2025-05-11 12:48:48,420 - src.data_collection.coffee_market - INFO - Extracted 0 products from Daraz
2025-05-11 12:48:48,420 - src.data_collection.coffee_market - INFO - Extracted 0 products from daraz in 22.08 seconds
2025-05-11 12:48:48,421 - src.data_collection.coffee_market - WARNING - No products extracted from daraz
2025-05-11 12:48:48,421 - src.data_collection.coffee_market - INFO - Processing site: alfatah
2025-05-11 12:48:48,422 - src.data_collection.coffee_market - INFO - Extracting coffee data from Alfatah
2025-05-11 12:48:48,424 - src.data_collection.coffee_market - INFO - Fetching content from https://alfatah.pk/search?q=coffee&options%5Bprefix%5D=last (using Requests)
2025-05-11 12:48:50,553 - src.data_collection.coffee_market - INFO - Extracted 0 products from Alfatah
2025-05-11 12:48:50,553 - src.data_collection.coffee_market - INFO - Extracted 0 products from alfatah in 2.13 seconds
2025-05-11 12:48:50,554 - src.data_collection.coffee_market - WARNING - No products extracted from alfatah
2025-05-11 12:48:50,554 - src.data_collection.coffee_market - INFO - Processing site: naheed
2025-05-11 12:48:50,555 - src.data_collection.coffee_market - INFO - Extracting coffee data from Naheed
2025-05-11 12:48:50,555 - src.data_collection.coffee_market - INFO - Fetching content from https://www.naheed.pk/catalogsearch/result/?q=coffee (using Selenium)
2025-05-11 12:49:07,378 - src.data_collection.coffee_market - INFO - Extracted 36 products from Naheed
2025-05-11 12:49:07,378 - src.data_collection.coffee_market - INFO - Extracted 36 products from naheed in 16.82 seconds
2025-05-11 12:49:07,379 - src.data_collection.coffee_market - INFO - Processing site: metro
2025-05-11 12:49:07,379 - src.data_collection.coffee_market - INFO - Extracting coffee data from Metro Online
2025-05-11 12:49:07,380 - src.data_collection.coffee_market - INFO - Fetching content from https://www.metro-online.pk/search/coffess?searchText=coffess&url=&isSearched=true (using Requests)
2025-05-11 12:49:07,983 - src.data_collection.coffee_market - WARNING - No product cards found on Metro using selector: .product-item
2025-05-11 12:49:07,987 - src.data_collection.coffee_market - WARNING - Failed with alternative selector too
2025-05-11 12:49:07,987 - src.data_collection.coffee_market - INFO - Extracted 0 products from metro in 0.61 seconds
2025-05-11 12:49:07,988 - src.data_collection.coffee_market - WARNING - No products extracted from metro
2025-05-11 12:49:07,989 - src.data_collection.coffee_market - INFO - Processing site: alibaba
2025-05-11 12:49:07,989 - src.data_collection.coffee_market - INFO - Extracting coffee data from Alibaba Pakistan
2025-05-11 12:49:07,992 - src.data_collection.coffee_market - INFO - Fetching content from https://www.alibaba.com/trade/search?spm=a2700.product_home_newuser.home_new_user_first_screen_fy23_pc_search_bar.keydown__Enter&tab=all&SearchText=coffee (using Selenium)
2025-05-11 12:49:20,332 - src.data_collection.coffee_market - WARNING - No product cards found on Alibaba using selector: .J-offer-wrapper
2025-05-11 12:49:20,347 - src.data_collection.coffee_market - WARNING - Failed with all selectors
2025-05-11 12:49:20,348 - src.data_collection.coffee_market - INFO - Extracted 0 products from alibaba in 12.36 seconds
2025-05-11 12:49:20,349 - src.data_collection.coffee_market - WARNING - No products extracted from alibaba
2025-05-11 12:49:20,349 - src.data_collection.coffee_market - INFO - Processing site: foodpanda
2025-05-11 12:49:20,350 - src.data_collection.coffee_market - INFO - Extracting coffee data from Foodpanda
2025-05-11 12:49:20,351 - src.data_collection.coffee_market - INFO - Fetching content from https://www.foodpanda.pk/groceries/pandamart/s/search/coffee (using Selenium)
2025-05-11 12:49:41,683 - src.data_collection.coffee_market - WARNING - No product cards found on Foodpanda using selector: .dish-card
2025-05-11 12:49:41,688 - src.data_collection.coffee_market - WARNING - Failed with all selectors
2025-05-11 12:49:41,689 - src.data_collection.coffee_market - INFO - Extracted 0 products from foodpanda in 21.34 seconds
2025-05-11 12:49:41,690 - src.data_collection.coffee_market - WARNING - No products extracted from foodpanda
2025-05-11 12:49:41,692 - src.data_collection.coffee_market - INFO - Collected data for 36 coffee products from 1 sites
2025-05-11 12:49:41,701 - src.data_collection.coffee_market - INFO - Successful sites: naheed
2025-05-11 12:49:41,703 - src.data_collection.coffee_market - INFO - Failed sites: daraz, alfatah, metro, alibaba, foodpanda
2025-05-11 12:49:42,631 - src.data_collection.coffee_market - INFO - Saved consolidated coffee market data to Excel file: data/processed\coffee_market_all_categories_20250511_124941.xlsx
2025-05-11 12:49:42,718 - src.data_collection.coffee_market - INFO - Saved coffee market data to 5 files
2025-05-11 13:03:05,164 - __main__ - INFO - Starting interactive coffee market data collection
2025-05-11 13:03:05,165 - __main__ - INFO - Starting interactive coffee market data collection for sites: naheed
2025-05-11 13:03:05,167 - src.data_collection.coffee_market - INFO - Starting coffee market data collection
2025-05-11 13:03:05,167 - src.data_collection.coffee_market - INFO - Processing site: daraz
2025-05-11 13:03:05,168 - src.data_collection.coffee_market - INFO - Extracting coffee data from Daraz
2025-05-11 13:03:05,168 - src.data_collection.coffee_market - INFO - Fetching content from https://www.daraz.pk/catalog/?q=coffee (using Selenium)
2025-05-11 13:03:21,453 - src.data_collection.coffee_market - INFO - Extracted 0 products from Daraz
2025-05-11 13:03:21,453 - src.data_collection.coffee_market - INFO - Extracted 0 products from daraz in 16.29 seconds
2025-05-11 13:03:21,454 - src.data_collection.coffee_market - WARNING - No products extracted from daraz
2025-05-11 13:03:21,454 - src.data_collection.coffee_market - INFO - Processing site: alfatah
2025-05-11 13:03:21,455 - src.data_collection.coffee_market - INFO - Extracting coffee data from Alfatah
2025-05-11 13:03:21,455 - src.data_collection.coffee_market - INFO - Fetching content from https://alfatah.pk/search?q=coffee&options%5Bprefix%5D=last (using Requests)
2025-05-11 13:03:23,495 - src.data_collection.coffee_market - INFO - Extracted 0 products from Alfatah
2025-05-11 13:03:23,495 - src.data_collection.coffee_market - INFO - Extracted 0 products from alfatah in 2.04 seconds
2025-05-11 13:03:23,495 - src.data_collection.coffee_market - WARNING - No products extracted from alfatah
2025-05-11 13:03:23,496 - src.data_collection.coffee_market - INFO - Processing site: naheed
2025-05-11 13:03:23,496 - src.data_collection.coffee_market - INFO - Extracting coffee data from Naheed
2025-05-11 13:03:23,497 - src.data_collection.coffee_market - INFO - Fetching content from https://www.naheed.pk/catalogsearch/result/?q=coffee (using Selenium)
2025-05-11 13:03:40,223 - src.data_collection.coffee_market - INFO - Extracted 36 products from Naheed
2025-05-11 13:03:40,223 - src.data_collection.coffee_market - INFO - Extracted 36 products from naheed in 16.73 seconds
2025-05-11 13:03:40,224 - src.data_collection.coffee_market - INFO - Processing site: metro
2025-05-11 13:03:40,224 - src.data_collection.coffee_market - INFO - Extracting coffee data from Metro Online
2025-05-11 13:03:40,225 - src.data_collection.coffee_market - INFO - Fetching content from https://www.metro-online.pk/search/coffess?searchText=coffess&url=&isSearched=true (using Requests)
2025-05-11 13:03:40,781 - src.data_collection.coffee_market - WARNING - No product cards found on Metro using selector: .product-item
2025-05-11 13:03:40,785 - src.data_collection.coffee_market - WARNING - Failed with alternative selector too
2025-05-11 13:03:40,786 - src.data_collection.coffee_market - INFO - Extracted 0 products from metro in 0.56 seconds
2025-05-11 13:03:40,786 - src.data_collection.coffee_market - WARNING - No products extracted from metro
2025-05-11 13:03:40,787 - src.data_collection.coffee_market - INFO - Processing site: alibaba
2025-05-11 13:03:40,788 - src.data_collection.coffee_market - INFO - Extracting coffee data from Alibaba Pakistan
2025-05-11 13:03:40,789 - src.data_collection.coffee_market - INFO - Fetching content from https://www.alibaba.com/trade/search?spm=a2700.product_home_newuser.home_new_user_first_screen_fy23_pc_search_bar.keydown__Enter&tab=all&SearchText=coffee (using Selenium)
2025-05-11 13:04:07,625 - src.data_collection.coffee_market - WARNING - No product cards found on Alibaba using selector: .J-offer-wrapper
2025-05-11 13:04:08,068 - src.data_collection.coffee_market - WARNING - Failed with all selectors
2025-05-11 13:04:08,068 - src.data_collection.coffee_market - INFO - Extracted 0 products from alibaba in 27.28 seconds
2025-05-11 13:04:08,069 - src.data_collection.coffee_market - WARNING - No products extracted from alibaba
2025-05-11 13:04:08,069 - src.data_collection.coffee_market - INFO - Processing site: foodpanda
2025-05-11 13:04:08,070 - src.data_collection.coffee_market - INFO - Extracting coffee data from Foodpanda
2025-05-11 13:04:08,070 - src.data_collection.coffee_market - INFO - Fetching content from https://www.foodpanda.pk/groceries/pandamart/s/search/coffee (using Selenium)
2025-05-11 13:04:30,053 - src.data_collection.coffee_market - WARNING - No product cards found on Foodpanda using selector: .dish-card
2025-05-11 13:04:30,061 - src.data_collection.coffee_market - WARNING - Failed with all selectors
2025-05-11 13:04:30,061 - src.data_collection.coffee_market - INFO - Extracted 0 products from foodpanda in 21.99 seconds
2025-05-11 13:04:30,061 - src.data_collection.coffee_market - WARNING - No products extracted from foodpanda
2025-05-11 13:04:30,062 - src.data_collection.coffee_market - INFO - Collected data for 36 coffee products from 1 sites
2025-05-11 13:04:30,063 - src.data_collection.coffee_market - INFO - Successful sites: naheed
2025-05-11 13:04:30,063 - src.data_collection.coffee_market - INFO - Failed sites: daraz, alfatah, metro, alibaba, foodpanda
2025-05-11 13:04:30,855 - src.data_collection.coffee_market - INFO - Saved consolidated coffee market data to Excel file: data/processed\coffee_market_all_categories_20250511_130430.xlsx
2025-05-11 13:04:30,956 - src.data_collection.coffee_market - INFO - Saved coffee market data to 5 files
2025-05-11 13:04:48,426 - __main__ - INFO - Starting interactive coffee market data collection
2025-05-11 13:04:48,426 - __main__ - INFO - Starting interactive coffee market data collection for sites: naheed
2025-05-11 13:04:48,428 - src.data_collection.coffee_market - INFO - Starting coffee market data collection
2025-05-11 13:04:48,428 - src.data_collection.coffee_market - INFO - Processing site: daraz
2025-05-11 13:04:48,428 - src.data_collection.coffee_market - INFO - Extracting coffee data from Daraz
2025-05-11 13:04:48,429 - src.data_collection.coffee_market - INFO - Fetching content from https://www.daraz.pk/catalog/?q=coffee (using Selenium)
2025-05-11 13:05:05,812 - src.data_collection.coffee_market - INFO - Extracted 0 products from Daraz
2025-05-11 13:05:05,813 - src.data_collection.coffee_market - INFO - Extracted 0 products from daraz in 17.38 seconds
2025-05-11 13:05:05,814 - src.data_collection.coffee_market - WARNING - No products extracted from daraz
2025-05-11 13:05:05,814 - src.data_collection.coffee_market - INFO - Processing site: alfatah
2025-05-11 13:05:05,815 - src.data_collection.coffee_market - INFO - Extracting coffee data from Alfatah
2025-05-11 13:05:05,815 - src.data_collection.coffee_market - INFO - Fetching content from https://alfatah.pk/search?q=coffee&options%5Bprefix%5D=last (using Requests)
2025-05-11 13:05:08,688 - src.data_collection.coffee_market - INFO - Extracted 0 products from Alfatah
2025-05-11 13:05:08,689 - src.data_collection.coffee_market - INFO - Extracted 0 products from alfatah in 2.87 seconds
2025-05-11 13:05:08,690 - src.data_collection.coffee_market - WARNING - No products extracted from alfatah
2025-05-11 13:05:08,690 - src.data_collection.coffee_market - INFO - Processing site: naheed
2025-05-11 13:05:08,691 - src.data_collection.coffee_market - INFO - Extracting coffee data from Naheed
2025-05-11 13:05:08,692 - src.data_collection.coffee_market - INFO - Fetching content from https://www.naheed.pk/catalogsearch/result/?q=coffee (using Selenium)
2025-05-11 13:05:54,709 - src.data_collection.coffee_market - INFO - Extracted 36 products from Naheed
2025-05-11 13:05:54,710 - src.data_collection.coffee_market - INFO - Extracted 36 products from naheed in 46.02 seconds
2025-05-11 13:05:54,710 - src.data_collection.coffee_market - INFO - Processing site: metro
2025-05-11 13:05:54,710 - src.data_collection.coffee_market - INFO - Extracting coffee data from Metro Online
2025-05-11 13:05:54,711 - src.data_collection.coffee_market - INFO - Fetching content from https://www.metro-online.pk/search/coffess?searchText=coffess&url=&isSearched=true (using Requests)
2025-05-11 13:05:55,101 - src.data_collection.coffee_market - WARNING - No product cards found on Metro using selector: .product-item
2025-05-11 13:05:55,103 - src.data_collection.coffee_market - WARNING - Failed with alternative selector too
2025-05-11 13:05:55,108 - src.data_collection.coffee_market - INFO - Extracted 0 products from metro in 0.40 seconds
2025-05-11 13:05:55,109 - src.data_collection.coffee_market - WARNING - No products extracted from metro
2025-05-11 13:05:55,111 - src.data_collection.coffee_market - INFO - Processing site: alibaba
2025-05-11 13:05:55,111 - src.data_collection.coffee_market - INFO - Extracting coffee data from Alibaba Pakistan
2025-05-11 13:05:55,112 - src.data_collection.coffee_market - INFO - Fetching content from https://www.alibaba.com/trade/search?spm=a2700.product_home_newuser.home_new_user_first_screen_fy23_pc_search_bar.keydown__Enter&tab=all&SearchText=coffee (using Selenium)
2025-05-11 13:06:07,693 - src.data_collection.coffee_market - WARNING - No product cards found on Alibaba using selector: .J-offer-wrapper
2025-05-11 13:06:07,711 - src.data_collection.coffee_market - WARNING - Failed with all selectors
2025-05-11 13:06:07,715 - src.data_collection.coffee_market - INFO - Extracted 0 products from alibaba in 12.60 seconds
2025-05-11 13:06:07,719 - src.data_collection.coffee_market - WARNING - No products extracted from alibaba
2025-05-11 13:06:07,727 - src.data_collection.coffee_market - INFO - Processing site: foodpanda
2025-05-11 13:06:07,731 - src.data_collection.coffee_market - INFO - Extracting coffee data from Foodpanda
2025-05-11 13:06:07,735 - src.data_collection.coffee_market - INFO - Fetching content from https://www.foodpanda.pk/groceries/pandamart/s/search/coffee (using Selenium)
2025-05-11 13:06:28,997 - src.data_collection.coffee_market - WARNING - No product cards found on Foodpanda using selector: .dish-card
2025-05-11 13:06:29,003 - src.data_collection.coffee_market - WARNING - Failed with all selectors
2025-05-11 13:06:29,003 - src.data_collection.coffee_market - INFO - Extracted 0 products from foodpanda in 21.27 seconds
2025-05-11 13:06:29,003 - src.data_collection.coffee_market - WARNING - No products extracted from foodpanda
2025-05-11 13:06:29,005 - src.data_collection.coffee_market - INFO - Collected data for 36 coffee products from 1 sites
2025-05-11 13:06:29,005 - src.data_collection.coffee_market - INFO - Successful sites: naheed
2025-05-11 13:06:29,006 - src.data_collection.coffee_market - INFO - Failed sites: daraz, alfatah, metro, alibaba, foodpanda
2025-05-11 13:06:29,883 - src.data_collection.coffee_market - INFO - Saved consolidated coffee market data to Excel file: data/processed\coffee_market_all_categories_20250511_130629.xlsx
2025-05-11 13:06:29,972 - src.data_collection.coffee_market - INFO - Saved coffee market data to 5 files
2025-05-11 13:11:21,289 - __main__ - INFO - Starting interactive coffee market data collection
2025-05-11 13:11:21,290 - __main__ - INFO - Starting interactive coffee market data collection for sites: naheed
2025-05-11 13:11:21,291 - src.data_collection.coffee_market - INFO - Starting coffee market data collection
2025-05-11 13:11:21,292 - __main__ - ERROR - Error during coffee market data collection: 'CoffeeMarketDataCollector' object has no attribute 'extract_naheed_data'
Traceback (most recent call last):
  File "C:\Users\MADIHA\Desktop\python automation\collect_coffee_market_interactive.py", line 195, in main
    result = collect_data_interactive(args, logger)
  File "C:\Users\MADIHA\Desktop\python automation\collect_coffee_market_interactive.py", line 115, in collect_data_interactive
    data = collector.collect_data()
  File "C:\Users\MADIHA\Desktop\python automation\src\data_collection\coffee_market.py", line 1273, in collect_data
    'naheed': self.extract_naheed_data,
              ^^^^^^^^^^^^^^^^^^^^^^^^
AttributeError: 'CoffeeMarketDataCollector' object has no attribute 'extract_naheed_data'. Did you mean: 'extract_daraz_data'?
2025-05-11 13:11:52,909 - __main__ - INFO - Starting interactive coffee market data collection
2025-05-11 13:11:52,910 - __main__ - INFO - Starting interactive coffee market data collection for sites: naheed
2025-05-11 13:11:52,911 - src.data_collection.coffee_market - INFO - Starting coffee market data collection
2025-05-11 13:11:52,912 - __main__ - ERROR - Error during coffee market data collection: 'CoffeeMarketDataCollector' object has no attribute 'extract_naheed_data'
Traceback (most recent call last):
  File "C:\Users\MADIHA\Desktop\python automation\collect_coffee_market_interactive.py", line 195, in main
    result = collect_data_interactive(args, logger)
  File "C:\Users\MADIHA\Desktop\python automation\collect_coffee_market_interactive.py", line 115, in collect_data_interactive
    data = collector.collect_data()
  File "C:\Users\MADIHA\Desktop\python automation\src\data_collection\coffee_market.py", line 1273, in collect_data
    'naheed': self.extract_naheed_data,
              ^^^^^^^^^^^^^^^^^^^^^^^^
AttributeError: 'CoffeeMarketDataCollector' object has no attribute 'extract_naheed_data'. Did you mean: 'extract_daraz_data'?
